Phasing statistics for sample HG00731 from file phaseImproved100000000HG00731.vcf
---------------- Chromosome chr1 ----------------
     Variants in VCF:   353042
        Heterozygous:   158892 (  158892 SNVs)
              Phased:    49716 (   49716 SNVs)
            Unphased:   109174 (not considered below)
          Singletons:        2 (not considered below)
              Blocks:    17914

Block sizes (no. of variants)
   Median block size:        2.00 variants
  Average block size:        2.78 variants
       Largest block:       97    variants
      Smallest block:        2    variants

Block lengths (basepairs)
      Sum of lengths: 1659539777    bp
 Median block length:      133.00 bp
Average block length:    92639.26 bp
       Longest block: 27691640    bp
      Shortest block:        1    bp
           Block N50:      nan    bp
