cycle			no. reads selected
 selection cycle 0	14256
 bridging cycle  0	724
 selection cycle 1	4235
 bridging cycle  1	31
 selection cycle 2	2570
 bridging cycle  2	11
 selection cycle 3	1746
 bridging cycle  3	5
 selection cycle 4	1125
 bridging cycle  4	1
 selection cycle 5	733
 bridging cycle  5	0
 selection cycle 6	443
 bridging cycle  6	0
 selection cycle 7	256
 bridging cycle  7	0
 selection cycle 8	151
 bridging cycle  8	0
 selection cycle 9	88
 bridging cycle  9	0
 selection cycle 10	42
 bridging cycle  10	0
 selection cycle 11	16
 bridging cycle  11	0
 selection cycle 12	9
 bridging cycle  12	0
 selection cycle 13	4
 bridging cycle  13	0
 selection cycle 14	1
 bridging cycle  14	0
             largest block   overall variants       frequency of phased variants(in %)
 with RS	46		353042			7.435092708516267
