cycle			no. reads selected
 selection cycle 0	11797
 bridging cycle  0	234
 selection cycle 1	4100
 bridging cycle  1	26
 selection cycle 2	2545
 bridging cycle  2	13
 selection cycle 3	1767
 bridging cycle  3	5
 selection cycle 4	1158
 bridging cycle  4	1
 selection cycle 5	760
 bridging cycle  5	0
 selection cycle 6	486
 bridging cycle  6	0
 selection cycle 7	315
 bridging cycle  7	0
 selection cycle 8	192
 bridging cycle  8	0
 selection cycle 9	111
 bridging cycle  9	0
 selection cycle 10	61
 bridging cycle  10	0
 selection cycle 11	26
 bridging cycle  11	0
 selection cycle 12	11
 bridging cycle  12	0
 selection cycle 13	3
 bridging cycle  13	0
 selection cycle 14	1
 bridging cycle  14	0
             largest block   overall variants       frequency of phased variants(in %)
 with RS	28		353042			6.440310218047711
