cycle			no. reads selected
 selection cycle 0	9816
 bridging cycle  0	69
 selection cycle 1	4000
 bridging cycle  1	25
 selection cycle 2	2434
 bridging cycle  2	13
 selection cycle 3	1619
 bridging cycle  3	6
 selection cycle 4	1052
 bridging cycle  4	0
 selection cycle 5	669
 bridging cycle  5	0
 selection cycle 6	435
 bridging cycle  6	0
 selection cycle 7	260
 bridging cycle  7	0
 selection cycle 8	137
 bridging cycle  8	0
 selection cycle 9	66
 bridging cycle  9	0
 selection cycle 10	34
 bridging cycle  10	0
 selection cycle 11	17
 bridging cycle  11	0
 selection cycle 12	10
 bridging cycle  12	0
 selection cycle 13	3
 bridging cycle  13	0
 selection cycle 14	2
 bridging cycle  14	0cycle			no. reads selectedcycle			no. reads selected
             largest block   overall variants       frequency of phased variants(in %)
 with RS	20		353042			5.656834031078455