cycle			no. reads selected
 selection cycle 0	9883
 bridging cycle  0	69
 selection cycle 1	4046
 bridging cycle  1	25
 selection cycle 2	2449
 bridging cycle  2	13
 selection cycle 3	1616
 bridging cycle  3	6
 selection cycle 4	1053
 bridging cycle  4	0
 selection cycle 5	664
 bridging cycle  5	0
 selection cycle 6	430
 bridging cycle  6	0
 selection cycle 7	258
 bridging cycle  7	0
 selection cycle 8	130
 bridging cycle  8	0
 selection cycle 9	62
 bridging cycle  9	0
 selection cycle 10	35
 bridging cycle  10	0
 selection cycle 11	17
 bridging cycle  11	0
 selection cycle 12	10
 bridging cycle  12	0
 selection cycle 13	3
 bridging cycle  13	0
 selection cycle 14	3
 bridging cycle  14	0
             largest block   overall variants       fraction of phased variants(in %)
 with RS	11		353042			5.706119951733788
