cycle			no. reads selected
 selection cycle 0	1047
 bridging cycle  0	31
 selection cycle 1	330
 bridging cycle  1	0
 selection cycle 2	109
 bridging cycle  2	0
 selection cycle 3	42
 bridging cycle  3	0
 selection cycle 4	18
 bridging cycle  4	0
 selection cycle 5	9
 bridging cycle  5	0
 selection cycle 6	6
 bridging cycle  6	0
 selection cycle 7	3
 bridging cycle  7	0
 selection cycle 8	3
 bridging cycle  8	0
 selection cycle 9	3
 bridging cycle  9	0
 selection cycle 10	2
 bridging cycle  10	0
 selection cycle 11	1
 bridging cycle  11	0
 selection cycle 12	1
 bridging cycle  12	0
 selection cycle 13	1
 bridging cycle  13	0
 selection cycle 14	1
 bridging cycle  14	0
             largest block   overall variants       frequency of phased variants(in %)
 with RS	10		353042			0.6152242509389817
