cycle			no. reads selected
 selection cycle 0	944
 bridging cycle  0	47
 selection cycle 1	294
 bridging cycle  1	3
 selection cycle 2	109
 bridging cycle  2	0
 selection cycle 3	55
 bridging cycle  3	1
 selection cycle 4	32
 bridging cycle  4	0
 selection cycle 5	20
 bridging cycle  5	0
 selection cycle 6	16
 bridging cycle  6	0
 selection cycle 7	13
 bridging cycle  7	0
 selection cycle 8	8
 bridging cycle  8	0
 selection cycle 9	6
 bridging cycle  9	0
 selection cycle 10	3
 bridging cycle  10	0
 selection cycle 11	2
 bridging cycle  11	0
 selection cycle 12	2
 bridging cycle  12	0
 selection cycle 13	2
 bridging cycle  13	0
 selection cycle 14	1
 bridging cycle  14	0
             largest block   overall variants       frequency of phased variants(in %)
 with RS	14		353042			0.5452609038018139
