cycle			no. reads selected
 selection cycle 0	1013
 bridging cycle  0	38
 selection cycle 1	314
 bridging cycle  1	1
 selection cycle 2	113
 bridging cycle  2	0
 selection cycle 3	49
 bridging cycle  3	1
 selection cycle 4	23
 bridging cycle  4	0
 selection cycle 5	13
 bridging cycle  5	0
 selection cycle 6	8
 bridging cycle  6	0
 selection cycle 7	8
 bridging cycle  7	0
 selection cycle 8	4
 bridging cycle  8	0
 selection cycle 9	3
 bridging cycle  9	0
 selection cycle 10	2
 bridging cycle  10	0
 selection cycle 11	2
 bridging cycle  11	0
 selection cycle 12	2
 bridging cycle  12	0
 selection cycle 13	1
 bridging cycle  13	0
 selection cycle 14	1
 bridging cycle  14	0
             largest block   overall variants       frequency of phased variants(in %)
 with RS	11		353042			0.5908645430288748
