cycle			no. reads selected
 selection cycle 0	11923
 bridging cycle  0	243
 selection cycle 1	4108
 bridging cycle  1	26
 selection cycle 2	2535
 bridging cycle  2	12
 selection cycle 3	1751
 bridging cycle  3	5
 selection cycle 4	1141
 bridging cycle  4	1
 selection cycle 5	752
 bridging cycle  5	0
 selection cycle 6	483
 bridging cycle  6	0
 selection cycle 7	313
 bridging cycle  7	0
 selection cycle 8	191
 bridging cycle  8	0
 selection cycle 9	110
 bridging cycle  9	0
 selection cycle 10	61
 bridging cycle  10	0
 selection cycle 11	27
 bridging cycle  11	0
 selection cycle 12	12
 bridging cycle  12	0
 selection cycle 13	4
 bridging cycle  13	0
 selection cycle 14	2
 bridging cycle  14	0
             largest block   overall variants       frequency of phased variants(in %)
 with RS	23		353042			6.54652987463248
